<?xml version="1.0" encoding="UTF-8"?>
<!-- Generated by org.testng.reporters.JUnitXMLReporter -->
<testsuite ignored="2" hostname="NguyenVanQuyet" failures="0" tests="1" name="Default test" time="0.796" errors="0" timestamp="2024-04-10T10:12:06 ICT">
  <testcase classname="DAO.TestInsert" name="testInsertEmployee" time="0.753"/>
  <testcase classname="DAO.TestInsert" name="testInsertProduct" time="0.0">
    <ignored/>
  </testcase> <!-- testInsertProduct -->
  <testcase classname="DAO.TestInsert" name="CheckLoginTestInsertTrongMaNv" time="0.0">
    <ignored/>
  </testcase> <!-- CheckLoginTestInsertTrongMaNv -->
</testsuite> <!-- Default test -->
