<?xml version="1.0" encoding="UTF-8"?>
<testng-results ignored="2" total="3" passed="1" failed="0" skipped="0">
  <reporter-output>
  </reporter-output>
  <suite started-at="2024-04-10T10:12:05 ICT" name="Default suite" finished-at="2024-04-10T10:12:06 ICT" duration-ms="796">
    <groups>
    </groups>
    <test started-at="2024-04-10T10:12:05 ICT" name="Default test" finished-at="2024-04-10T10:12:06 ICT" duration-ms="796">
      <class name="DAO.TestInsert">
        <test-method signature="testInsertEmployee()[pri:0, instance:DAO.TestInsert@41fbdac4]" started-at="2024-04-10T10:12:05 ICT" name="testInsertEmployee" finished-at="2024-04-10T10:12:06 ICT" duration-ms="753" status="PASS">
          <reporter-output>
          </reporter-output>
        </test-method> <!-- testInsertEmployee -->
      </class> <!-- DAO.TestInsert -->
    </test> <!-- Default test -->
  </suite> <!-- Default suite -->
</testng-results>
